生成启动时间为 2015-1-18 9:59:54。
     1>项目“E:\__Codes\OpenGL\OpenGL-06-Smoother\Smoother\Smoother\Smoother.vcxproj”在节点 2 上(build 个目标)。
     1>InitializeBuildStatus:
         正在创建“Debug\Smoother.unsuccessfulbuild”，因为已指定“AlwaysCreate”。
       ClCompile:
         d:\Program Files (custom)\Microsoft Visual Studio 10.0\VC\bin\CL.exe /c /ZI /nologo /W3 /WX- /Od /Oy- /D WIN32 /D _DEBUG /D _CONSOLE /D _UNICODE /D UNICODE /Gm /EHsc /RTC1 /MDd /GS /fp:precise /Zc:wchar_t /Zc:forScope /Fo"Debug\\" /Fd"Debug\vc100.pdb" /Gd /TP /analyze- /errorReport:prompt SmootherMain.cpp
         SmootherMain.cpp
       ManifestResourceCompile:
         所有输出均为最新。
       Link:
         d:\Program Files (custom)\Microsoft Visual Studio 10.0\VC\bin\link.exe /ERRORREPORT:PROMPT /OUT:"E:\__Codes\OpenGL\OpenGL-06-Smoother\Smoother\Debug\Smoother.exe" /INCREMENTAL /NOLOGO kernel32.lib user32.lib gdi32.lib winspool.lib comdlg32.lib advapi32.lib shell32.lib ole32.lib oleaut32.lib uuid.lib odbc32.lib odbccp32.lib /MANIFEST /ManifestFile:"Debug\Smoother.exe.intermediate.manifest" /MANIFESTUAC:"level='asInvoker' uiAccess='false'" /DEBUG /PDB:"E:\__Codes\OpenGL\OpenGL-06-Smoother\Smoother\Debug\Smoother.pdb" /SUBSYSTEM:CONSOLE /TLBID:1 /DYNAMICBASE /NXCOMPAT /IMPLIB:"E:\__Codes\OpenGL\OpenGL-06-Smoother\Smoother\Debug\Smoother.lib" /MACHINE:X86 Debug\Smoother.exe.embed.manifest.res
         Debug\SmootherMain.obj
       Manifest:
         C:\Program Files (x86)\Microsoft SDKs\Windows\v7.0A\bin\mt.exe /nologo /verbose /out:"Debug\Smoother.exe.embed.manifest" /manifest Debug\Smoother.exe.intermediate.manifest
         所有输出均为最新。
       LinkEmbedManifest:
         所有输出均为最新。
         Smoother.vcxproj -> E:\__Codes\OpenGL\OpenGL-06-Smoother\Smoother\Debug\Smoother.exe
       FinalizeBuildStatus:
         正在删除文件“Debug\Smoother.unsuccessfulbuild”。
         正在对“Debug\Smoother.lastbuildstate”执行 Touch 任务。
     1>已完成生成项目“E:\__Codes\OpenGL\OpenGL-06-Smoother\Smoother\Smoother\Smoother.vcxproj”(build 个目标)的操作。

生成成功。

已用时间 00:00:00.75
